[start] 2026-06-18 17:40:57  AnchorMap engine (Phase 2)  config=configs/carey_rint15.yaml
[config] random_seed=1 permutation_K=2000 vif_correlation=trait_rg
[load] /Users/mpreuss/Library/Mobile Documents/com~apple~CloudDocs/Desktop/projects/Northwell/project/UKBB_CLUSTER_GWAS/scripts/FinnGen_PheWAS_RG/results/carey_rint_tuned_15clusters_neff_max_empirical_covz/rg/cluster_trait_rg_long_with_p.tsv
[gate] disease track: 9075 gated rows, 15 clusters, 605 traits/cluster (median); gate h2_z>4
[sweep] z in {3,4,5} on 3 worker(s)
[sweep z=3] gated=11775 clusters=15 source=trait_rg coverage=100%
[sweep z=4] gated=9075 clusters=15 source=trait_rg coverage=100%
[sweep z=5] gated=7455 clusters=15 source=trait_rg coverage=100%
[write] /Users/mpreuss/Library/Mobile Documents/com~apple~CloudDocs/Desktop/projects/Northwell/project/AnchorMap/results/carey_rint15/category_anchor_scores.tsv
[write] /Users/mpreuss/Library/Mobile Documents/com~apple~CloudDocs/Desktop/projects/Northwell/project/AnchorMap/results/carey_rint15/cluster_anchor_labels.tsv
[write] /Users/mpreuss/Library/Mobile Documents/com~apple~CloudDocs/Desktop/projects/Northwell/project/AnchorMap/results/carey_rint15/sensitivity_z_scores.tsv
[write] /Users/mpreuss/Library/Mobile Documents/com~apple~CloudDocs/Desktop/projects/Northwell/project/AnchorMap/results/carey_rint15/sensitivity_z_labels.tsv
[stable] 8/15 clusters label-stable across z in {3,4,5}
  C0         -> ambiguous          [focal]
  C1         -> ambiguous          [focal]
  C2_sub0    -> ambiguous          [focal]
  C2_sub1    -> ambiguous          [focal]
  C3         -> Alcohol-substance  [focal]
  C4         -> Psychiatric        [sharp]
  C5_sub0    -> Cardiovascular     [diffuse]
  C5_sub1    -> Cardiovascular     [focal]
  C6_sub0    -> Respiratory        [focal]
  C6_sub1    -> Psychiatric        [sharp]
  noise_re0  -> Cardiovascular     [focal]
  noise_re1  -> ambiguous          [focal]
  noise_re2  -> Psychiatric        [focal]
  noise_re3  -> ambiguous          [focal]
  noise_re4  -> Respiratory        [sharp]
FINISHED ok | 1005 score rows, 15 clusters | 3 z swept | 9.7s | outputs: category_anchor_scores.tsv, cluster_anchor_labels.tsv, sensitivity_z_scores.tsv, sensitivity_z_labels.tsv
