[start] 2026-06-18 17:41:11  AnchorMap engine (Phase 2)  config=configs/carey_rint15_anthro.yaml
[config] random_seed=1 permutation_K=2000 vif_correlation=trait_rg
[load] /Users/mpreuss/Library/Mobile Documents/com~apple~CloudDocs/Desktop/projects/Northwell/project/UKBB_CLUSTER_GWAS/scripts/FinnGen_PheWAS_RG/results/carey_rint_tuned_15clusters_neff_max_empirical_covz/rg/cluster_trait_rg_long_with_p.tsv
[gate] disease track: 9075 gated rows, 15 clusters, 605 traits/cluster (median); gate h2_z>4
[sweep] z in {3,4,5} on 3 worker(s)
[sweep z=3] gated=11775 clusters=15 source=trait_rg coverage=100%
[sweep z=4] gated=9075 clusters=15 source=trait_rg coverage=100%
[sweep z=5] gated=7455 clusters=15 source=trait_rg coverage=100%
[write] /Users/mpreuss/Library/Mobile Documents/com~apple~CloudDocs/Desktop/projects/Northwell/project/AnchorMap/results/carey_rint15_anthro/category_anchor_scores.tsv
[write] /Users/mpreuss/Library/Mobile Documents/com~apple~CloudDocs/Desktop/projects/Northwell/project/AnchorMap/results/carey_rint15_anthro/cluster_anchor_labels.tsv
[write] /Users/mpreuss/Library/Mobile Documents/com~apple~CloudDocs/Desktop/projects/Northwell/project/AnchorMap/results/carey_rint15_anthro/sensitivity_z_scores.tsv
[write] /Users/mpreuss/Library/Mobile Documents/com~apple~CloudDocs/Desktop/projects/Northwell/project/AnchorMap/results/carey_rint15_anthro/sensitivity_z_labels.tsv
[stable] 14/15 clusters label-stable across z in {3,4,5}
  C0         -> ambiguous          [weak]
  C1         -> ambiguous          [weak]
  C2_sub0    -> ambiguous          [sharp]
  C2_sub1    -> ambiguous          [sharp]
  C3         -> ambiguous          [weak]
  C4         -> ambiguous          [weak]
  C5_sub0    -> Anthropometric     [sharp]
  C5_sub1    -> ambiguous          [sharp]
  C6_sub0    -> ambiguous          [weak]
  C6_sub1    -> ambiguous          [weak]
  noise_re0  -> ambiguous          [sharp]
  noise_re1  -> ambiguous          [weak]
  noise_re2  -> ambiguous          [weak]
  noise_re3  -> ambiguous          [weak]
  noise_re4  -> ambiguous          [weak]
FINISHED ok | 15 score rows, 15 clusters | 3 z swept | 3.0s | outputs: category_anchor_scores.tsv, cluster_anchor_labels.tsv, sensitivity_z_scores.tsv, sensitivity_z_labels.tsv
